<?xml version="1.0" encoding="utf-8"?><testsuites name="pytest tests"><testsuite name="pytest" errors="0" failures="0" skipped="3" tests="170" time="2.441" timestamp="2026-08-03T11:13:29.756452+08:00" hostname="dory"><testcase classname="test_contracts.ContractSchemaTests" name="test_all_schemas_are_valid_draft_2020_12" time="0.019" /><testcase classname="test_contracts.ContractSchemaTests" name="test_envelope_backwards_compatible_and_platform_scoped" time="0.001" /><testcase classname="test_contracts.ContractSchemaTests" name="test_jwt_algorithm_is_not_part_of_untrusted_claims" time="0.001" /><testcase classname="test_contracts.ContractSchemaTests" name="test_supported_python_runtime" time="0.000" /><testcase classname="test_openapi_documents.OpenApiDocumentTests" name="test_every_openapi_document_has_required_structure" time="0.009" /><testcase classname="tests.integration.test_auth_api" name="test_login_me_logout" time="0.007" /><testcase classname="tests.integration.test_auth_api" name="test_production_dev_auth_fails_fast" time="0.000" /><testcase classname="tests.integration.test_break_glass" name="test_break_glass_requires_context_network_and_totp" time="0.004" /><testcase classname="tests.integration.test_break_glass" name="test_production_rejects_development_jwt_provider" time="0.000" /><testcase classname="tests.unit.test_session_rotation" name="test_refresh_rotates_and_reuse_revokes_family" time="0.000" /><testcase classname="tests.unit.test_session_rotation" name="test_access_token_rejects_none_algorithm" time="0.000" /><testcase classname="test_csrf" name="test_cookie_login_refresh_replay_and_logout" time="0.003" /><testcase classname="test_csrf" name="test_write_requires_matching_csrf_and_origin" time="0.003" /><testcase classname="test_csrf" name="test_production_requires_secure_cookies" time="0.000" /><testcase classname="test_singleflight" name="test_concurrent_refresh_is_coalesced_and_then_evicted" time="0.103" /><testcase classname="test_singleflight" name="test_failed_refresh_releases_waiters_and_allows_retry" time="0.052" /><testcase classname="integration.test_api" name="test_workflow_api_authorization_idempotency_and_version" time="0.005" /><testcase classname="unit.test_state_machine" name="test_transition_and_optimistic_lock" time="0.000" /><testcase classname="integration.test_api" name="test_ingest_security_dedup_and_stable_pagination" time="0.003" /><testcase classname="integration.test_api" name="test_sensitive_fields_are_rejected" time="0.001" /><testcase classname="unit.test_redaction" name="test_sensitive_keys_are_rejected" time="0.000" /><testcase classname="integration.test_api" name="test_ingest_dedup_recipient_isolation_and_read_all" time="0.005" /><testcase classname="integration.test_api" name="test_security_preference_cannot_be_disabled" time="0.003" /><testcase classname="unit.test_templates" name="test_strict_template_and_internal_url" time="0.001" /><testcase classname="test_runtime_report" name="test_runtime_report_contains_required_evidence" time="0.144" /><testcase classname="test_wheelhouse_validation" name="test_cp312_accepts_hash_validated_pure_python_wheel" time="0.034" /><testcase classname="test_wheelhouse_validation" name="test_cp312_accepts_older_cpython_abi3_wheel" time="0.091" /><testcase classname="test_wheelhouse_validation" name="test_cp312_rejects_wrong_abi_or_platform[example-1.0-cp313-cp313-manylinux_2_17_x86_64.whl]" time="0.025" /><testcase classname="test_wheelhouse_validation" name="test_cp312_rejects_wrong_abi_or_platform[example-1.0-cp312-cp312-win_amd64.whl]" time="0.003" /><testcase classname="test_wheelhouse_validation" name="test_cp312_rejects_wrong_abi_or_platform[example-1.0-cp312-cp312-macosx_11_0_x86_64.whl]" time="0.003" /><testcase classname="test_wheelhouse_validation" name="test_cp312_rejects_wrong_abi_or_platform[example-1.0-cp312-cp312-manylinux_2_17_aarch64.whl]" time="0.003" /><testcase classname="test_wheelhouse_validation" name="test_cp312_rejects_wrong_abi_or_platform[example-1.0-cp312-cp312-manylinux_2_17_i686.whl]" time="0.004" /><testcase classname="test_wheelhouse_validation" name="test_hash_mismatch_is_rejected" time="0.074" /><testcase classname="test_api_contract" name="test_openapi_is_valid_31_and_covers_p0_paths" time="0.287" /><testcase classname="test_api_contract" name="test_if_match_problem_is_rfc9457" time="0.017" /><testcase classname="test_app" name="test_health_is_liveness_and_readiness_hides_database_details" time="0.008" /><testcase classname="test_app" name="test_postgres_timeout_configuration" time="0.001" /><testcase classname="test_app" name="test_problem_details_content_type_and_key_length" time="0.008" /><testcase classname="test_app" name="test_unknown_field_is_rejected_before_database_access" time="0.007" /><testcase classname="test_app" name="test_unexpected_error_is_safe_problem_details" time="0.008" /><testcase classname="test_collaboration_domain" name="test_owner_cannot_be_changed_or_removed_normally" time="0.000" /><testcase classname="test_collaboration_domain" name="test_membership_uses_optimistic_lock" time="0.000" /><testcase classname="test_collaboration_domain" name="test_policy_matrix_and_viewer_worklog_redaction" time="0.000" /><testcase classname="test_collaboration_domain" name="test_iteration_dates_and_state_machine" time="0.000" /><testcase classname="test_collaboration_postgres" name="test_migration_owner_backfill_and_constraints" time="0.000"><skipped type="pytest.skip" message="TEST_DATABASE_URL is not configured; PostgreSQL migration tests not executed">C:\Users\dory\WorkBuddy\20260801161335\project-service\tests\test_collaboration_postgres.py:14: TEST_DATABASE_URL is not configured; PostgreSQL migration tests not executed</skipped></testcase><testcase classname="test_config" name="test_database_url_is_redacted_from_repr" time="0.000" /><testcase classname="test_config" name="test_production_requires_database_url" time="0.000" /><testcase classname="test_config" name="test_test_configuration_can_be_explicit" time="0.000" /><testcase classname="test_download_docker_image" name="test_default_opener_does_not_inherit_environment_proxy" time="0.000" /><testcase classname="test_download_docker_image" name="test_proxy_environment_is_read_only_when_explicitly_enabled" time="0.000" /><testcase classname="test_download_docker_image" name="test_force_ipv4_preserves_tls_verification" time="0.001" /><testcase classname="test_download_docker_image" name="test_force_ipv4_restores_after_normal_exception_nested_and_repeated" time="0.000" /><testcase classname="test_download_docker_image" name="test_force_ipv4_wrapper_requests_only_af_inet" time="0.000" /><testcase classname="test_download_docker_image" name="test_layer_failure_leaves_no_new_output_or_temp" time="0.065" /><testcase classname="test_download_docker_image" name="test_layer_failure_preserves_existing_output_bytes_hash_and_mtime" time="0.112" /><testcase classname="test_download_docker_image" name="test_replace_failure_preserves_existing_output_and_cleans_temp" time="0.080" /><testcase classname="test_download_docker_image" name="test_success_metadata_matches_final_archive" time="0.068" /><testcase classname="test_download_docker_image" name="test_main_redacts_proxy_url_token_and_authorization" time="0.033" /><testcase classname="test_download_docker_image" name="test_main_accepts_explicit_python_312_12_debug_reference" time="0.072" /><testcase classname="test_download_docker_image" name="test_main_rejects_floating_or_mislabeled_python_312" time="0.028" /><testcase classname="test_download_docker_image" name="test_network_failure_does_not_touch_unrelated_assets" time="0.079" /><testcase classname="test_internal_authorization" name="test_internal_authorization_token_role_and_project_isolation" time="0.020" /><testcase classname="test_internal_authorization" name="test_production_requires_external_internal_token" time="0.001" /><testcase classname="test_migration_structure.TestMigration0001Structure" name="test_revision_chain" time="0.001" /><testcase classname="test_migration_structure.TestMigration0001Structure" name="test_upgrade_creates_projects_and_idempotency" time="0.001" /><testcase classname="test_migration_structure.TestMigration0001Structure" name="test_downgrade_drops_tables_and_sequence" time="0.001" /><testcase classname="test_migration_structure.TestMigration0001Structure" name="test_upgrade_downgrade_symmetry" time="0.001" /><testcase classname="test_migration_structure.TestMigration0002Structure" name="test_revision_chain" time="0.001" /><testcase classname="test_migration_structure.TestMigration0002Structure" name="test_pgcrypto_before_gen_random_uuid" time="0.001" /><testcase classname="test_migration_structure.TestMigration0002Structure" name="test_no_duplicate_ck_idempotency_status_creation" time="0.001" /><testcase classname="test_migration_structure.TestMigration0002Structure" name="test_all_tables_created_in_correct_dependency_order" time="0.001" /><testcase classname="test_migration_structure.TestMigration0002Structure" name="test_upgrade_downgrade_index_symmetry" time="0.002" /><testcase classname="test_migration_structure.TestMigration0002Structure" name="test_upgrade_downgrade_table_symmetry" time="0.001" /><testcase classname="test_migration_structure.TestMigration0002Structure" name="test_upgrade_downgrade_column_symmetry" time="0.002" /><testcase classname="test_migration_structure.TestMigration0002Structure" name="test_downgrade_restores_resource_id_fk" time="0.001" /><testcase classname="test_migration_structure.TestMigration0002Structure" name="test_downgrade_restores_ck_idempotency_state" time="0.001" /><testcase classname="test_migration_structure.TestMigration0002Structure" name="test_owner_backfill_uses_gen_random_uuid" time="0.001" /><testcase classname="test_migration_structure.TestTableMetadataStructure" name="test_all_tables_present_in_metadata" time="0.000" /><testcase classname="test_migration_structure.TestTableMetadataStructure" name="test_task_composite_fk_columns_exist" time="0.000" /><testcase classname="test_migration_structure.TestTableMetadataStructure" name="test_worklog_composite_fk_columns_exist" time="0.000" /><testcase classname="test_migration_structure.TestTableMetadataStructure" name="test_idempotency_record_has_replay_columns" time="0.000" /><testcase classname="test_migration_structure.TestTableMetadataStructure" name="test_membership_partial_unique_indexes_exist" time="0.000" /><testcase classname="test_migration_structure.TestTableMetadataStructure" name="test_version_normalized_name_index_exists" time="0.000" /><testcase classname="test_migration_structure.TestTableMetadataStructure" name="test_iteration_active_partial_unique_exists" time="0.000" /><testcase classname="test_p0_gates.TestVersionCompletionGate" name="test_release_rejected_when_open_tasks_exist" time="0.002" /><testcase classname="test_p0_gates.TestVersionCompletionGate" name="test_force_without_reason_returns_validation_error" time="0.004" /><testcase classname="test_p0_gates.TestVersionCompletionGate" name="test_force_with_reason_succeeds" time="0.032" /><testcase classname="test_p0_gates.TestIterationCompletionGate" name="test_complete_rejected_when_open_tasks_exist" time="0.002" /><testcase classname="test_p0_gates.TestIterationCompletionGate" name="test_force_without_reason_returns_validation_error" time="0.002" /><testcase classname="test_p0_gates.TestIterationCompletionGate" name="test_force_with_reason_succeeds" time="0.002" /><testcase classname="test_p0_gates.TestTaskCursorPagination" name="test_stable_sort_by_created_at_then_id" time="0.001" /><testcase classname="test_p0_gates.TestTaskCursorPagination" name="test_after_cursor_continues_from_last_item" time="0.001" /><testcase classname="test_p0_gates.TestTaskCursorPagination" name="test_default_limit_is_50" time="0.001" /><testcase classname="test_p0_gates.TestTaskCursorPagination" name="test_max_limit_is_200" time="0.000" /><testcase classname="test_p0_gates.TestTaskCursorPagination" name="test_invalid_cursor_returns_422" time="0.000" /><testcase classname="test_p0_gates.TestTaskCursorPagination" name="test_cross_project_cursor_leakage_prevented" time="0.000" /><testcase classname="test_p0_gates.TestTaskCursorPagination" name="test_cursor_with_valid_project_returns_tuple" time="0.000" /><testcase classname="test_p0_gates.TestIdempotencyReplay" name="test_replay_returns_same_status_body_and_headers" time="0.002" /><testcase classname="test_p0_gates.TestIdempotencyReplay" name="test_same_key_different_request_returns_409" time="0.003" /><testcase classname="test_p0_gates.TestIdempotencyReplay" name="test_delete_request_fingerprint_includes_path_params" time="0.000" /><testcase classname="test_p0_gates.TestIdempotencyReplay" name="test_patch_request_fingerprint_includes_if_match_and_body" time="0.000" /><testcase classname="test_postgres_integration" name="test_replay_conflict_cross_actor_and_isolation" time="0.000"><skipped type="pytest.skip" message="TEST_DATABASE_URL is not configured; PostgreSQL integration tests not executed">C:\Users\dory\WorkBuddy\20260801161335\project-service\tests\test_postgres_integration.py:29: TEST_DATABASE_URL is not configured; PostgreSQL integration tests not executed</skipped></testcase><testcase classname="test_postgres_integration" name="test_ten_concurrent_replays_create_one_project" time="0.000"><skipped type="pytest.skip" message="TEST_DATABASE_URL is not configured; PostgreSQL integration tests not executed">C:\Users\dory\WorkBuddy\20260801161335\project-service\tests\test_postgres_integration.py:58: TEST_DATABASE_URL is not configured; PostgreSQL integration tests not executed</skipped></testcase><testcase classname="test_project_isolation" name="test_unknown_project_is_hidden_as_404" time="0.010" /><testcase classname="test_qa_supplementary.TestIdempotencyAllWriteInterfaces" name="test_member_add_uses_executor_and_replays" time="0.002" /><testcase classname="test_qa_supplementary.TestIdempotencyAllWriteInterfaces" name="test_member_add_same_key_different_request_409" time="0.001" /><testcase classname="test_qa_supplementary.TestIdempotencyAllWriteInterfaces" name="test_version_create_replays_full_response" time="0.002" /><testcase classname="test_qa_supplementary.TestIdempotencyAllWriteInterfaces" name="test_iteration_create_replays_full_response" time="0.002" /><testcase classname="test_qa_supplementary.TestIdempotencyAllWriteInterfaces" name="test_task_create_replays_full_response" time="0.002" /><testcase classname="test_qa_supplementary.TestIdempotencyAllWriteInterfaces" name="test_worklog_record_replays_full_response" time="0.001" /><testcase classname="test_qa_supplementary.TestIdempotencyAllWriteInterfaces" name="test_delete_fingerprint_includes_path_and_if_match" time="0.000" /><testcase classname="test_qa_supplementary.TestIdempotencyAllWriteInterfaces" name="test_patch_fingerprint_includes_path_if_match_and_body" time="0.000" /><testcase classname="test_qa_supplementary.TestIdempotencyAllWriteInterfaces" name="test_replay_or_conflict_in_progress_returns_409" time="0.000" /><testcase classname="test_qa_supplementary.TestForceTransitionAuditOutbox" name="test_force_version_release_writes_audit_and_outbox" time="0.003" /><testcase classname="test_qa_supplementary.TestForceTransitionAuditOutbox" name="test_force_iteration_complete_writes_audit_and_outbox" time="0.002" /><testcase classname="test_qa_supplementary.TestCursorCrossProject" name="test_cross_project_cursor_raises_validation_error" time="0.000" /><testcase classname="test_qa_supplementary.TestCursorCrossProject" name="test_malformed_cursor_raises_validation_error" time="0.000" /><testcase classname="test_qa_supplementary.TestOpenAPISchemaDetail" name="test_enum_values_in_schemas" time="0.051" /><testcase classname="test_qa_supplementary.TestOpenAPISchemaDetail" name="test_required_fields_present" time="0.000" /><testcase classname="test_qa_supplementary.TestOpenAPISchemaDetail" name="test_idempotency_key_parameter_required_on_writes" time="0.000" /><testcase classname="test_qa_supplementary.TestOpenAPISchemaDetail" name="test_if_match_parameter_required_on_mutating" time="0.000" /><testcase classname="test_qa_supplementary.TestOpenAPISchemaDetail" name="test_201_response_on_post_create" time="0.000" /><testcase classname="test_qa_supplementary.TestOpenAPISchemaDetail" name="test_200_replay_header_on_post" time="0.000" /><testcase classname="test_qa_supplementary.TestOpenAPISchemaDetail" name="test_404_409_412_422_problem_details" time="0.001" /><testcase classname="test_qa_supplementary.TestOpenAPISchemaDetail" name="test_limit_default_50_max_200" time="0.001" /><testcase classname="test_qa_supplementary.TestMigration0002Additional" name="test_0002_down_revision_is_0001" time="0.001" /><testcase classname="test_qa_supplementary.TestMigration0002Additional" name="test_0002_no_duplicate_constraints_in_upgrade" time="0.001" /><testcase classname="test_qa_supplementary.TestMigration0002Additional" name="test_0002_fk_order_correct" time="0.001" /><testcase classname="test_qa_supplementary.TestMigration0002Additional" name="test_0002_upgrade_downgrade_symmetric_tables" time="0.001" /><testcase classname="test_qa_supplementary.TestPermissionMatrix" name="test_viewer_cannot_create_task" time="0.000" /><testcase classname="test_qa_supplementary.TestPermissionMatrix" name="test_member_cannot_manage_members" time="0.000" /><testcase classname="test_qa_supplementary.TestPermissionMatrix" name="test_member_cannot_transfer_owner" time="0.000" /><testcase classname="test_qa_supplementary.TestPermissionMatrix" name="test_admin_cannot_transfer_owner" time="0.000" /><testcase classname="test_qa_supplementary.TestPermissionMatrix" name="test_viewer_cannot_view_worklog_detail" time="0.000" /><testcase classname="test_qa_supplementary.TestPermissionMatrix" name="test_member_can_create_and_transition_tasks" time="0.000" /><testcase classname="test_qa_supplementary.TestPermissionMatrix" name="test_member_cannot_transition_unrelated_tasks" time="0.000" /><testcase classname="test_qa_supplementary.TestWorklogImmutabilityAndAggregation" name="test_worklog_is_frozen_dataclass" time="0.000" /><testcase classname="test_qa_supplementary.TestWorklogImmutabilityAndAggregation" name="test_correction_is_delta_not_replacement" time="0.000" /><testcase classname="test_qa_supplementary.TestWorklogImmutabilityAndAggregation" name="test_multiple_corrections_chain" time="0.000" /><testcase classname="test_qa_supplementary.TestWorklogImmutabilityAndAggregation" name="test_normal_worklog_must_be_positive" time="0.000" /><testcase classname="test_qa_supplementary.TestWorklogImmutabilityAndAggregation" name="test_correction_must_have_reason" time="0.000" /><testcase classname="test_qa_supplementary.TestWorklogImmutabilityAndAggregation" name="test_worklog_delta_zero_rejected" time="0.000" /><testcase classname="test_qa_supplementary.TestWorklogImmutabilityAndAggregation" name="test_worklog_delta_over_1440_rejected" time="0.000" /><testcase classname="test_qa_supplementary.TestWorklogImmutabilityAndAggregation" name="test_worklog_correction_delta_over_1440_negative_rejected" time="0.000" /><testcase classname="test_qa_supplementary.TestWorklogImmutabilityAndAggregation" name="test_no_patch_or_delete_route_for_worklogs" time="0.009" /><testcase classname="test_qa_supplementary.TestWorklogImmutabilityAndAggregation" name="test_actual_minutes_is_sum_of_deltas" time="0.000" /><testcase classname="test_qa_supplementary.TestWorklogImmutabilityAndAggregation" name="test_actual_minutes_floor_at_zero" time="0.000" /><testcase classname="test_qa_supplementary.TestWorkflowStateMachine" name="test_todo_to_done_is_invalid" time="0.000" /><testcase classname="test_qa_supplementary.TestWorkflowStateMachine" name="test_closed_is_terminal" time="0.000" /><testcase classname="test_qa_supplementary.TestWorkflowStateMachine" name="test_canceled_is_terminal" time="0.000" /><testcase classname="test_qa_supplementary.TestWorkflowStateMachine" name="test_member_cannot_close" time="0.000" /><testcase classname="test_qa_supplementary.TestWorkflowStateMachine" name="test_reopen_clears_actual_end" time="0.000" /><testcase classname="test_qa_supplementary.TestProjectIsolation404" name="test_invalid_uuid_returns_404" time="0.009" /><testcase classname="test_qa_supplementary.TestProjectIsolation404" name="test_valid_uuid_non_member_returns_404" time="0.008" /><testcase classname="test_qa_supplementary.TestProblemDetailsRFC9457" name="test_validation_error_is_problem_json" time="0.009" /><testcase classname="test_qa_supplementary.TestProblemDetailsRFC9457" name="test_if_match_missing_returns_422_problem" time="0.009" /><testcase classname="test_qa_supplementary.TestAuditOutboxFactory" name="test_make_audit_has_all_required_fields" time="0.000" /><testcase classname="test_qa_supplementary.TestAuditOutboxFactory" name="test_make_outbox_has_pending_status_fields" time="0.000" /><testcase classname="test_qa_supplementary.TestAuditOutboxFactory" name="test_audit_record_is_immutable" time="0.000" /><testcase classname="test_service" name="test_canonical_hash_normalizes_unicode_and_whitespace" time="0.000" /><testcase classname="test_service" name="test_actor_is_part_of_default_owner_hash" time="0.000" /><testcase classname="test_service" name="test_strict_payload_validation[payload0-unknown]" time="0.000" /><testcase classname="test_service" name="test_strict_payload_validation[payload1-name]" time="0.000" /><testcase classname="test_service" name="test_strict_payload_validation[payload2-description]" time="0.000" /><testcase classname="test_service" name="test_strict_payload_validation[payload3-owner_id]" time="0.000" /><testcase classname="test_service" name="test_strict_payload_validation[payload4-owner_id]" time="0.000" /><testcase classname="test_task_workflow" name="test_fixed_workflow_dates_and_reopen" time="0.000" /><testcase classname="test_task_workflow" name="test_invalid_lock_and_member_close_are_rejected" time="0.000" /><testcase classname="test_worklogs" name="test_worklog_is_frozen_and_correction_is_delta" time="0.001" /><testcase classname="test_worklogs" name="test_normal_worklog_cannot_be_negative_and_correction_needs_reason" time="0.000" /></testsuite></testsuites>